<?xml version="1.0" encoding="UTF-8"?>
<!-- Generated by org.testng.reporters.JUnitReportReporter -->
<testsuite hostname="LAPTOP-8LV2OBVU" failures="0" tests="1" name="testcase.TC002_LoginTest" time="2.899" errors="0" timestamp="2023-11-17T18:15:27 IST" skipped="0">
  <testcase classname="testcase.TC002_LoginTest" name="logintest" time="2.899"/>
</testsuite> <!-- testcase.TC002_LoginTest -->
