<?xml version="1.0" encoding="UTF-8"?>
<!-- Generated by org.testng.reporters.JUnitReportReporter -->
<testsuite hostname="LAPTOP-8LV2OBVU" failures="0" tests="1" name="testcase.TC001_SignupTest" time="5.583" errors="0" timestamp="2023-11-17T18:15:27 IST" skipped="0">
  <testcase classname="testcase.TC001_SignupTest" name="signuptest" time="5.583"/>
</testsuite> <!-- testcase.TC001_SignupTest -->
